<?xml version="1.0" encoding="UTF-8"?>
<!-- Generated by org.testng.reporters.JUnitReportReporter -->
<testsuite hostname="LAPTOP-ECIJOHCB" failures="0" tests="3" name="Package_TestNg.TestNg_Class" time="0.015" errors="0" timestamp="2023-02-21T22:58:32 IST" skipped="0">
  <testcase classname="Package_TestNg.TestNg_Class" name="test" time="0.003"/>
  <system-out/>
  <testcase classname="Package_TestNg.TestNg_Class" name="test" time="0.001"/>
  <system-out/>
  <testcase classname="Package_TestNg.TestNg_Class" name="test" time="0.011"/>
  <system-out/>
</testsuite> <!-- Package_TestNg.TestNg_Class -->
